python run_finetune.py --model_type dna --tokenizer_name=dna6 --model_name_or_path .\ft\tata_promoter\6 --task_name dnaprom --do_predict --data_dir sample_data\ft\tata_promoter\6 --max_seq_length 75 --per_gpu_pred_batch_size 32 --output_dir .\ft\tata_promoter\6 --predict_dir .\result\tata_promoter\6 --n_process 8

08/15/2021 16:39:08 - INFO - __main__ -   ***** Pred results  *****
08/15/2021 16:39:08 - INFO - __main__ -     acc = 0.5408163265306123
08/15/2021 16:39:08 - INFO - __main__ -     auc = 0.5589337775926697
08/15/2021 16:39:08 - INFO - __main__ -     f1 = 0.4967476891475522
08/15/2021 16:39:08 - INFO - __main__ -     mcc = 0.10127393670836667
08/15/2021 16:39:08 - INFO - __main__ -     precision = 0.5628205128205128
08/15/2021 16:39:08 - INFO - __main__ -     recall = 0.5408163265306123

python run_finetune.py --model_type dna --tokenizer_name=dna5 --model_name_or_path .\ft\tata_promoter\5 --task_name dnaprom --do_predict --data_dir sample_data\ft\tata_promoter\5 --max_seq_length 75 --per_gpu_pred_batch_size 32 --output_dir .\ft\tata_promoter\5 --predict_dir .\result\tata_promoter\5 --n_process 8

08/15/2021 16:40:01 - INFO - __main__ -   ***** Pred results  *****
08/15/2021 16:40:01 - INFO - __main__ -     acc = 0.5612244897959183
08/15/2021 16:40:01 - INFO - __main__ -     auc = 0.5510204081632653
08/15/2021 16:40:01 - INFO - __main__ -     f1 = 0.5191144585187721
08/15/2021 16:40:01 - INFO - __main__ -     mcc = 0.15191090506254998
08/15/2021 16:40:01 - INFO - __main__ -     precision = 0.5942307692307692
08/15/2021 16:40:01 - INFO - __main__ -     recall = 0.5612244897959183

python run_finetune.py --model_type dna --tokenizer_name=dna4 --model_name_or_path .\ft\tata_promoter\4 --task_name dnaprom --do_predict --data_dir sample_data\ft\tata_promoter\4 --max_seq_length 75 --per_gpu_pred_batch_size 32 --output_dir .\ft\tata_promoter\4 --predict_dir .\result\tata_promoter\4 --n_process 8

08/15/2021 16:40:54 - INFO - __main__ -   ***** Pred results  *****
08/15/2021 16:40:54 - INFO - __main__ -     acc = 0.3877551020408163
08/15/2021 16:40:54 - INFO - __main__ -     auc = 0.4468971261974177
08/15/2021 16:40:54 - INFO - __main__ -     f1 = 0.375
08/15/2021 16:40:54 - INFO - __main__ -     mcc = -0.23425474049997794
08/15/2021 16:40:54 - INFO - __main__ -     precision = 0.37777777777777777
08/15/2021 16:40:54 - INFO - __main__ -     recall = 0.3877551020408163

python run_finetune.py --model_type dna --tokenizer_name=dna3 --model_name_or_path .\ft\tata_promoter\3 --task_name dnaprom --do_predict --data_dir sample_data\ft\tata_promoter\3 --max_seq_length 75 --per_gpu_pred_batch_size 32 --output_dir .\ft\tata_promoter\3 --predict_dir .\result\tata_promoter\3 --n_process 8

08/15/2021 16:41:41 - INFO - __main__ -   ***** Pred results  *****
08/15/2021 16:41:41 - INFO - __main__ -     acc = 0.5102040816326531
08/15/2021 16:41:41 - INFO - __main__ -     auc = 0.5780924614743856
08/15/2021 16:41:41 - INFO - __main__ -     f1 = 0.4789543642002658
08/15/2021 16:41:41 - INFO - __main__ -     mcc = 0.023408229439226116
08/15/2021 16:41:41 - INFO - __main__ -     precision = 0.5134246575342466
08/15/2021 16:41:41 - INFO - __main__ -     recall = 0.5102040816326531
